{"/home/gabriela-salvo/Gabriela-Salvo/semana-19-testes-automatizados/jest-template/src/userPurchase.ts": {"path":"/home/gabriela-salvo/Gabriela-Salvo/semana-19-testes-automatizados/jest-template/src/userPurchase.ts","statementMap":{"0":{"start":{"line":4,"column":4},"end":{"line":9,"column":null}},"1":{"start":{"line":5,"column":8},"end":{"line":7,"column":null}},"2":{"start":{"line":10,"column":4},"end":{"line":10,"column":null}},"3":{"start":{"line":3,"column":0},"end":{"line":3,"column":16}}},"fnMap":{"0":{"name":"userPurchase","decl":{"start":{"line":3,"column":16},"end":{"line":3,"column":28}},"loc":{"start":{"line":3,"column":52},"end":{"line":12,"column":1}}}},"branchMap":{"0":{"loc":{"start":{"line":4,"column":4},"end":{"line":9,"column":null}},"type":"if","locations":[{"start":{"line":4,"column":4},"end":{"line":9,"column":null}},{"start":{"line":4,"column":4},"end":{"line":9,"column":null}}]}},"s":{"0":1,"1":1,"2":0,"3":1},"f":{"0":1},"b":{"0":[1,0]}}
}
