<?xml version="1.0" encoding="UTF-8"?>
<coverage generated="1593636394033" clover="3.2.0">
  <project timestamp="1593636394033" name="All files">
    <metrics statements="62" coveredstatements="58" conditionals="25" coveredconditionals="23" methods="15" coveredmethods="13" elements="102" coveredelements="94" complexity="0" loc="62" ncloc="62" packages="4" files="5" classes="5"/>
    <package name="business">
      <metrics statements="33" coveredstatements="32" conditionals="20" coveredconditionals="19" methods="4" coveredmethods="4"/>
      <file name="UserBusiness.ts" path="/home/gabriela-salvo/Gabriela-Salvo/semana-19-testes-automatizados/seman919-aula3-testes-backend/src/business/UserBusiness.ts">
        <metrics statements="33" coveredstatements="32" conditionals="20" coveredconditionals="19" methods="4" coveredmethods="4"/>
        <line num="2" count="3" type="stmt"/>
        <line num="6" count="3" type="stmt"/>
        <line num="7" count="3" type="stmt"/>
        <line num="9" count="3" type="stmt"/>
        <line num="11" count="14" type="stmt"/>
        <line num="12" count="14" type="stmt"/>
        <line num="13" count="14" type="stmt"/>
        <line num="14" count="14" type="stmt"/>
        <line num="23" count="8" type="cond" truecount="6" falsecount="0"/>
        <line num="24" count="4" type="stmt"/>
        <line num="27" count="4" type="cond" truecount="2" falsecount="0"/>
        <line num="28" count="1" type="stmt"/>
        <line num="31" count="3" type="cond" truecount="2" falsecount="0"/>
        <line num="32" count="1" type="stmt"/>
        <line num="35" count="2" type="stmt"/>
        <line num="36" count="2" type="stmt"/>
        <line num="38" count="2" type="stmt"/>
        <line num="42" count="1" type="stmt"/>
        <line num="46" count="1" type="stmt"/>
        <line num="50" count="1" type="stmt"/>
        <line num="52" count="1" type="cond" truecount="1" falsecount="1"/>
        <line num="53" count="1" type="stmt"/>
        <line num="56" count="0" type="stmt"/>
        <line num="65" count="5" type="cond" truecount="4" falsecount="0"/>
        <line num="66" count="2" type="stmt"/>
        <line num="69" count="3" type="stmt"/>
        <line num="71" count="3" type="cond" truecount="2" falsecount="0"/>
        <line num="72" count="1" type="stmt"/>
        <line num="75" count="2" type="stmt"/>
        <line num="80" count="2" type="cond" truecount="2" falsecount="0"/>
        <line num="81" count="1" type="stmt"/>
        <line num="84" count="1" type="stmt"/>
        <line num="89" count="1" type="stmt"/>
      </file>
    </package>
    <package name="errors">
      <metrics statements="6" coveredstatements="6" conditionals="0" coveredconditionals="0" methods="2" coveredmethods="2"/>
      <file name="InvalidParameterError.ts" path="/home/gabriela-salvo/Gabriela-Salvo/semana-19-testes-automatizados/seman919-aula3-testes-backend/src/errors/InvalidParameterError.ts">
        <metrics statements="3" coveredstatements="3" conditionals="0" coveredconditionals="0" methods="1" coveredmethods="1"/>
        <line num="1" count="3" type="stmt"/>
        <line num="3" count="3" type="stmt"/>
        <line num="5" count="10" type="stmt"/>
      </file>
      <file name="NotFoundError.ts" path="/home/gabriela-salvo/Gabriela-Salvo/semana-19-testes-automatizados/seman919-aula3-testes-backend/src/errors/NotFoundError.ts">
        <metrics statements="3" coveredstatements="3" conditionals="0" coveredconditionals="0" methods="1" coveredmethods="1"/>
        <line num="1" count="3" type="stmt"/>
        <line num="3" count="3" type="stmt"/>
        <line num="5" count="2" type="stmt"/>
      </file>
    </package>
    <package name="errors.BaseError">
      <metrics statements="3" coveredstatements="3" conditionals="0" coveredconditionals="0" methods="1" coveredmethods="1"/>
      <file name="BaseError.ts" path="/home/gabriela-salvo/Gabriela-Salvo/semana-19-testes-automatizados/seman919-aula3-testes-backend/src/errors/BaseError/BaseError.ts">
        <metrics statements="3" coveredstatements="3" conditionals="0" coveredconditionals="0" methods="1" coveredmethods="1"/>
        <line num="1" count="3" type="stmt"/>
        <line num="2" count="12" type="stmt"/>
        <line num="3" count="12" type="stmt"/>
      </file>
    </package>
    <package name="model">
      <metrics statements="20" coveredstatements="17" conditionals="5" coveredconditionals="4" methods="8" coveredmethods="6"/>
      <file name="User.ts" path="/home/gabriela-salvo/Gabriela-Salvo/semana-19-testes-automatizados/seman919-aula3-testes-backend/src/model/User.ts">
        <metrics statements="20" coveredstatements="17" conditionals="5" coveredconditionals="4" methods="8" coveredmethods="6"/>
        <line num="1" count="3" type="stmt"/>
        <line num="3" count="3" type="stmt"/>
        <line num="5" count="4" type="stmt"/>
        <line num="6" count="4" type="stmt"/>
        <line num="7" count="4" type="stmt"/>
        <line num="8" count="4" type="stmt"/>
        <line num="9" count="4" type="stmt"/>
        <line num="13" count="1" type="stmt"/>
        <line num="17" count="0" type="stmt"/>
        <line num="21" count="0" type="stmt"/>
        <line num="25" count="2" type="stmt"/>
        <line num="29" count="1" type="stmt"/>
        <line num="33" count="3" type="stmt"/>
        <line num="34" count="3" type="stmt"/>
        <line num="36" count="0" type="stmt"/>
        <line num="38" count="2" type="stmt"/>
        <line num="40" count="1" type="stmt"/>
        <line num="44" count="3" type="cond" truecount="2" falsecount="0"/>
        <line num="45" count="3" type="stmt"/>
        <line num="46" count="3" type="stmt"/>
      </file>
    </package>
  </project>
</coverage>
