{"/home/gabriela-salvo/Gabriela-Salvo/semana-19-testes-automatizados/seman919-aula3-testes-backend/src/business/UserBusiness.ts": {"path":"/home/gabriela-salvo/Gabriela-Salvo/semana-19-testes-automatizados/seman919-aula3-testes-backend/src/business/UserBusiness.ts","statementMap":{"0":{"start":{"line":2,"column":0},"end":{"line":2,"column":55}},"1":{"start":{"line":6,"column":0},"end":{"line":6,"column":56}},"2":{"start":{"line":7,"column":0},"end":{"line":7,"column":72}},"3":{"start":{"line":11,"column":12},"end":{"line":11,"column":38}},"4":{"start":{"line":12,"column":12},"end":{"line":12,"column":40}},"5":{"start":{"line":13,"column":12},"end":{"line":13,"column":42}},"6":{"start":{"line":14,"column":12},"end":{"line":14,"column":36}},"7":{"start":{"line":23,"column":4},"end":{"line":25,"column":null}},"8":{"start":{"line":24,"column":6},"end":{"line":24,"column":55}},"9":{"start":{"line":27,"column":4},"end":{"line":29,"column":null}},"10":{"start":{"line":28,"column":6},"end":{"line":28,"column":55}},"11":{"start":{"line":31,"column":4},"end":{"line":33,"column":null}},"12":{"start":{"line":32,"column":6},"end":{"line":32,"column":58}},"13":{"start":{"line":35,"column":15},"end":{"line":35,"column":42}},"14":{"start":{"line":36,"column":28},"end":{"line":36,"column":67}},"15":{"start":{"line":38,"column":4},"end":{"line":40,"column":6}},"16":{"start":{"line":42,"column":24},"end":{"line":45,"column":6}},"17":{"start":{"line":46,"column":4},"end":{"line":46,"column":27}},"18":{"start":{"line":50,"column":17},"end":{"line":50,"column":56}},"19":{"start":{"line":52,"column":4},"end":{"line":54,"column":null}},"20":{"start":{"line":53,"column":6},"end":{"line":53,"column":48}},"21":{"start":{"line":56,"column":4},"end":{"line":61,"column":6}},"22":{"start":{"line":65,"column":4},"end":{"line":67,"column":null}},"23":{"start":{"line":66,"column":6},"end":{"line":66,"column":55}},"24":{"start":{"line":69,"column":17},"end":{"line":69,"column":62}},"25":{"start":{"line":71,"column":4},"end":{"line":73,"column":null}},"26":{"start":{"line":72,"column":6},"end":{"line":72,"column":48}},"27":{"start":{"line":75,"column":30},"end":{"line":77,"column":null}},"28":{"start":{"line":80,"column":4},"end":{"line":82,"column":null}},"29":{"start":{"line":81,"column":6},"end":{"line":81,"column":58}},"30":{"start":{"line":84,"column":24},"end":{"line":87,"column":6}},"31":{"start":{"line":89,"column":4},"end":{"line":89,"column":27}},"32":{"start":{"line":9,"column":0},"end":{"line":9,"column":13}}},"fnMap":{"0":{"name":"(anonymous_7)","decl":{"start":{"line":10,"column":2},"end":{"line":10,"column":null}},"loc":{"start":{"line":14,"column":36},"end":{"line":15,"column":6}}},"1":{"name":"(anonymous_8)","decl":{"start":{"line":17,"column":15},"end":{"line":17,"column":21}},"loc":{"start":{"line":21,"column":16},"end":{"line":47,"column":null}}},"2":{"name":"(anonymous_10)","decl":{"start":{"line":49,"column":15},"end":{"line":49,"column":26}},"loc":{"start":{"line":49,"column":37},"end":{"line":62,"column":null}}},"3":{"name":"(anonymous_12)","decl":{"start":{"line":64,"column":15},"end":{"line":64,"column":20}},"loc":{"start":{"line":64,"column":52},"end":{"line":90,"column":null}}}},"branchMap":{"0":{"loc":{"start":{"line":23,"column":4},"end":{"line":25,"column":null}},"type":"if","locations":[{"start":{"line":23,"column":4},"end":{"line":25,"column":null}},{"start":{"line":23,"column":4},"end":{"line":25,"column":null}}]},"1":{"loc":{"start":{"line":23,"column":8},"end":{"line":23,"column":13}},"type":"binary-expr","locations":[{"start":{"line":23,"column":8},"end":{"line":23,"column":13}},{"start":{"line":23,"column":17},"end":{"line":23,"column":23}},{"start":{"line":23,"column":27},"end":{"line":23,"column":36}},{"start":{"line":23,"column":40},"end":{"line":23,"column":45}}]},"2":{"loc":{"start":{"line":27,"column":4},"end":{"line":29,"column":null}},"type":"if","locations":[{"start":{"line":27,"column":4},"end":{"line":29,"column":null}},{"start":{"line":27,"column":4},"end":{"line":29,"column":null}}]},"3":{"loc":{"start":{"line":31,"column":4},"end":{"line":33,"column":null}},"type":"if","locations":[{"start":{"line":31,"column":4},"end":{"line":33,"column":null}},{"start":{"line":31,"column":4},"end":{"line":33,"column":null}}]},"4":{"loc":{"start":{"line":52,"column":4},"end":{"line":54,"column":null}},"type":"if","locations":[{"start":{"line":52,"column":4},"end":{"line":54,"column":null}},{"start":{"line":52,"column":4},"end":{"line":54,"column":null}}]},"5":{"loc":{"start":{"line":65,"column":4},"end":{"line":67,"column":null}},"type":"if","locations":[{"start":{"line":65,"column":4},"end":{"line":67,"column":null}},{"start":{"line":65,"column":4},"end":{"line":67,"column":null}}]},"6":{"loc":{"start":{"line":65,"column":8},"end":{"line":65,"column":14}},"type":"binary-expr","locations":[{"start":{"line":65,"column":8},"end":{"line":65,"column":14}},{"start":{"line":65,"column":18},"end":{"line":65,"column":27}}]},"7":{"loc":{"start":{"line":71,"column":4},"end":{"line":73,"column":null}},"type":"if","locations":[{"start":{"line":71,"column":4},"end":{"line":73,"column":null}},{"start":{"line":71,"column":4},"end":{"line":73,"column":null}}]},"8":{"loc":{"start":{"line":80,"column":4},"end":{"line":82,"column":null}},"type":"if","locations":[{"start":{"line":80,"column":4},"end":{"line":82,"column":null}},{"start":{"line":80,"column":4},"end":{"line":82,"column":null}}]}},"s":{"0":3,"1":3,"2":3,"3":14,"4":14,"5":14,"6":14,"7":8,"8":4,"9":4,"10":1,"11":3,"12":1,"13":2,"14":2,"15":2,"16":1,"17":1,"18":1,"19":1,"20":1,"21":0,"22":5,"23":2,"24":3,"25":3,"26":1,"27":2,"28":2,"29":1,"30":1,"31":1,"32":3},"f":{"0":14,"1":8,"2":1,"3":5},"b":{"0":[4,4],"1":[8,7,6,5],"2":[1,3],"3":[1,2],"4":[1,0],"5":[2,3],"6":[5,4],"7":[1,2],"8":[1,1]}}
,"/home/gabriela-salvo/Gabriela-Salvo/semana-19-testes-automatizados/seman919-aula3-testes-backend/src/errors/InvalidParameterError.ts": {"path":"/home/gabriela-salvo/Gabriela-Salvo/semana-19-testes-automatizados/seman919-aula3-testes-backend/src/errors/InvalidParameterError.ts","statementMap":{"0":{"start":{"line":1,"column":0},"end":{"line":1,"column":50}},"1":{"start":{"line":5,"column":4},"end":{"line":5,"column":24}},"2":{"start":{"line":3,"column":0},"end":{"line":3,"column":13}}},"fnMap":{"0":{"name":"(anonymous_0)","decl":{"start":{"line":4,"column":2},"end":{"line":4,"column":14}},"loc":{"start":{"line":4,"column":29},"end":{"line":6,"column":3}}}},"branchMap":{},"s":{"0":3,"1":10,"2":3},"f":{"0":10},"b":{}}
,"/home/gabriela-salvo/Gabriela-Salvo/semana-19-testes-automatizados/seman919-aula3-testes-backend/src/errors/NotFoundError.ts": {"path":"/home/gabriela-salvo/Gabriela-Salvo/semana-19-testes-automatizados/seman919-aula3-testes-backend/src/errors/NotFoundError.ts","statementMap":{"0":{"start":{"line":1,"column":0},"end":{"line":1,"column":50}},"1":{"start":{"line":5,"column":4},"end":{"line":5,"column":24}},"2":{"start":{"line":3,"column":0},"end":{"line":3,"column":13}}},"fnMap":{"0":{"name":"(anonymous_0)","decl":{"start":{"line":4,"column":2},"end":{"line":4,"column":14}},"loc":{"start":{"line":4,"column":29},"end":{"line":6,"column":3}}}},"branchMap":{},"s":{"0":3,"1":2,"2":3},"f":{"0":2},"b":{}}
,"/home/gabriela-salvo/Gabriela-Salvo/semana-19-testes-automatizados/seman919-aula3-testes-backend/src/errors/BaseError/BaseError.ts": {"path":"/home/gabriela-salvo/Gabriela-Salvo/semana-19-testes-automatizados/seman919-aula3-testes-backend/src/errors/BaseError/BaseError.ts","statementMap":{"0":{"start":{"line":3,"column":4},"end":{"line":3,"column":19}},"1":{"start":{"line":2,"column":38},"end":{"line":2,"column":55}},"2":{"start":{"line":1,"column":0},"end":{"line":1,"column":22}}},"fnMap":{"0":{"name":"(anonymous_0)","decl":{"start":{"line":2,"column":2},"end":{"line":2,"column":14}},"loc":{"start":{"line":2,"column":55},"end":{"line":4,"column":3}}}},"branchMap":{},"s":{"0":12,"1":12,"2":3},"f":{"0":12},"b":{}}
,"/home/gabriela-salvo/Gabriela-Salvo/semana-19-testes-automatizados/seman919-aula3-testes-backend/src/model/User.ts": {"path":"/home/gabriela-salvo/Gabriela-Salvo/semana-19-testes-automatizados/seman919-aula3-testes-backend/src/model/User.ts","statementMap":{"0":{"start":{"line":1,"column":0},"end":{"line":1,"column":72}},"1":{"start":{"line":5,"column":12},"end":{"line":5,"column":22}},"2":{"start":{"line":6,"column":12},"end":{"line":6,"column":24}},"3":{"start":{"line":7,"column":12},"end":{"line":7,"column":25}},"4":{"start":{"line":8,"column":12},"end":{"line":8,"column":28}},"5":{"start":{"line":9,"column":12},"end":{"line":9,"column":26}},"6":{"start":{"line":13,"column":4},"end":{"line":13,"column":19}},"7":{"start":{"line":17,"column":4},"end":{"line":17,"column":21}},"8":{"start":{"line":21,"column":4},"end":{"line":21,"column":22}},"9":{"start":{"line":25,"column":4},"end":{"line":25,"column":25}},"10":{"start":{"line":29,"column":4},"end":{"line":29,"column":21}},"11":{"start":{"line":3,"column":0},"end":{"line":3,"column":13}},"12":{"start":{"line":33,"column":13},"end":{"line":42,"column":2}},"13":{"start":{"line":34,"column":2},"end":{"line":41,"column":null}},"14":{"start":{"line":36,"column":6},"end":{"line":36,"column":29}},"15":{"start":{"line":38,"column":6},"end":{"line":38,"column":28}},"16":{"start":{"line":40,"column":6},"end":{"line":40,"column":59}},"17":{"start":{"line":44,"column":0},"end":{"line":44,"column":null}},"18":{"start":{"line":45,"column":2},"end":{"line":45,"column":null}},"19":{"start":{"line":46,"column":2},"end":{"line":46,"column":null}}},"fnMap":{"0":{"name":"(anonymous_0)","decl":{"start":{"line":4,"column":2},"end":{"line":4,"column":null}},"loc":{"start":{"line":9,"column":26},"end":{"line":10,"column":6}}},"1":{"name":"(anonymous_1)","decl":{"start":{"line":12,"column":9},"end":{"line":12,"column":14}},"loc":{"start":{"line":12,"column":14},"end":{"line":14,"column":3}}},"2":{"name":"(anonymous_2)","decl":{"start":{"line":16,"column":9},"end":{"line":16,"column":16}},"loc":{"start":{"line":16,"column":16},"end":{"line":18,"column":3}}},"3":{"name":"(anonymous_3)","decl":{"start":{"line":20,"column":9},"end":{"line":20,"column":17}},"loc":{"start":{"line":20,"column":17},"end":{"line":22,"column":3}}},"4":{"name":"(anonymous_4)","decl":{"start":{"line":24,"column":9},"end":{"line":24,"column":20}},"loc":{"start":{"line":24,"column":20},"end":{"line":26,"column":3}}},"5":{"name":"(anonymous_5)","decl":{"start":{"line":28,"column":9},"end":{"line":28,"column":16}},"loc":{"start":{"line":28,"column":16},"end":{"line":30,"column":3}}},"6":{"name":"(anonymous_6)","decl":{"start":{"line":33,"column":32},"end":{"line":33,"column":33}},"loc":{"start":{"line":33,"column":60},"end":{"line":42,"column":1}}},"7":{"name":"(anonymous_7)","decl":{"start":{"line":44,"column":0},"end":{"line":44,"column":12}},"loc":{"start":{"line":44,"column":20},"end":{"line":47,"column":1}}}},"branchMap":{"0":{"loc":{"start":{"line":35,"column":4},"end":{"line":36,"column":29}},"type":"switch","locations":[{"start":{"line":35,"column":4},"end":{"line":36,"column":29}},{"start":{"line":37,"column":4},"end":{"line":38,"column":28}},{"start":{"line":39,"column":4},"end":{"line":40,"column":59}}]},"1":{"loc":{"start":{"line":44,"column":12},"end":{"line":44,"column":20}},"type":"binary-expr","locations":[{"start":{"line":44,"column":12},"end":{"line":44,"column":20}},{"start":{"line":44,"column":12},"end":{"line":44,"column":null}}]}},"s":{"0":3,"1":4,"2":4,"3":4,"4":4,"5":4,"6":1,"7":0,"8":0,"9":2,"10":1,"11":3,"12":3,"13":3,"14":0,"15":2,"16":1,"17":3,"18":3,"19":3},"f":{"0":4,"1":1,"2":0,"3":0,"4":2,"5":1,"6":3,"7":3},"b":{"0":[0,2,1],"1":[3,3]}}
}
