TN:
SF:src/business/UserBusiness.ts
FN:10,(anonymous_7)
FN:17,(anonymous_8)
FN:49,(anonymous_10)
FN:64,(anonymous_12)
FNF:4
FNH:4
FNDA:14,(anonymous_7)
FNDA:8,(anonymous_8)
FNDA:1,(anonymous_10)
FNDA:5,(anonymous_12)
DA:2,3
DA:6,3
DA:7,3
DA:9,3
DA:11,14
DA:12,14
DA:13,14
DA:14,14
DA:23,8
DA:24,4
DA:27,4
DA:28,1
DA:31,3
DA:32,1
DA:35,2
DA:36,2
DA:38,2
DA:42,1
DA:46,1
DA:50,1
DA:52,1
DA:53,1
DA:56,0
DA:65,5
DA:66,2
DA:69,3
DA:71,3
DA:72,1
DA:75,2
DA:80,2
DA:81,1
DA:84,1
DA:89,1
LF:33
LH:32
BRDA:23,0,0,4
BRDA:23,0,1,4
BRDA:23,1,0,8
BRDA:23,1,1,7
BRDA:23,1,2,6
BRDA:23,1,3,5
BRDA:27,2,0,1
BRDA:27,2,1,3
BRDA:31,3,0,1
BRDA:31,3,1,2
BRDA:52,4,0,1
BRDA:52,4,1,0
BRDA:65,5,0,2
BRDA:65,5,1,3
BRDA:65,6,0,5
BRDA:65,6,1,4
BRDA:71,7,0,1
BRDA:71,7,1,2
BRDA:80,8,0,1
BRDA:80,8,1,1
BRF:20
BRH:19
end_of_record
TN:
SF:src/errors/InvalidParameterError.ts
FN:4,(anonymous_0)
FNF:1
FNH:1
FNDA:10,(anonymous_0)
DA:1,3
DA:3,3
DA:5,10
LF:3
LH:3
BRF:0
BRH:0
end_of_record
TN:
SF:src/errors/NotFoundError.ts
FN:4,(anonymous_0)
FNF:1
FNH:1
FNDA:2,(anonymous_0)
DA:1,3
DA:3,3
DA:5,2
LF:3
LH:3
BRF:0
BRH:0
end_of_record
TN:
SF:src/errors/BaseError/BaseError.ts
FN:2,(anonymous_0)
FNF:1
FNH:1
FNDA:12,(anonymous_0)
DA:1,3
DA:2,12
DA:3,12
LF:3
LH:3
BRF:0
BRH:0
end_of_record
TN:
SF:src/model/User.ts
FN:4,(anonymous_0)
FN:12,(anonymous_1)
FN:16,(anonymous_2)
FN:20,(anonymous_3)
FN:24,(anonymous_4)
FN:28,(anonymous_5)
FN:33,(anonymous_6)
FN:44,(anonymous_7)
FNF:8
FNH:6
FNDA:4,(anonymous_0)
FNDA:1,(anonymous_1)
FNDA:0,(anonymous_2)
FNDA:0,(anonymous_3)
FNDA:2,(anonymous_4)
FNDA:1,(anonymous_5)
FNDA:3,(anonymous_6)
FNDA:3,(anonymous_7)
DA:1,3
DA:3,3
DA:5,4
DA:6,4
DA:7,4
DA:8,4
DA:9,4
DA:13,1
DA:17,0
DA:21,0
DA:25,2
DA:29,1
DA:33,3
DA:34,3
DA:36,0
DA:38,2
DA:40,1
DA:44,3
DA:45,3
DA:46,3
LF:20
LH:17
BRDA:35,0,0,0
BRDA:35,0,1,2
BRDA:35,0,2,1
BRDA:44,1,0,3
BRDA:44,1,1,3
BRF:5
BRH:4
end_of_record
